<?xml version="1.0" encoding="UTF-8"?>
<!-- Generated by org.testng.reporters.JUnitReportReporter -->
<testsuite hostname="LAPTOP-VV23PLPG" failures="0" tests="1" name="qa.testClass.LoginTest" time="10.613" errors="0" timestamp="2024-02-22T08:39:34 CST" skipped="0">
  <testcase classname="qa.testClass.LoginTest" name="TestCase" time="10.613"/>
  <system-out/>
</testsuite> <!-- qa.testClass.LoginTest -->
