<?xml version="1.0" encoding="UTF-8"?>
<!-- Generated by org.testng.reporters.JUnitReportReporter -->
<testsuite hostname="LAPTOP-VV23PLPG" failures="0" tests="1" name="qa.testClass.testClass" time="0.011" errors="0" timestamp="08 Dec 2022 20:08:47 GMT" skipped="0">
  <testcase classname="qa.testClass.testClass" name="scannerPractice" time="0.011"/>
</testsuite> <!-- qa.testClass.testClass -->
